0 info it worked if it ends with ok
1 verbose cli [ '/usr/bin/nodejs', '/usr/bin/npm', 'install', '-g', 'less' ]
2 info using npm@1.4.21
3 info using node@v0.10.29
4 verbose cache add [ 'less', null ]
5 verbose cache add name=undefined spec="less" args=["less",null]
6 verbose parsed url { protocol: null,
6 verbose parsed url   slashes: null,
6 verbose parsed url   auth: null,
6 verbose parsed url   host: null,
6 verbose parsed url   port: null,
6 verbose parsed url   hostname: null,
6 verbose parsed url   hash: null,
6 verbose parsed url   search: null,
6 verbose parsed url   query: null,
6 verbose parsed url   pathname: 'less',
6 verbose parsed url   path: 'less',
6 verbose parsed url   href: 'less' }
7 silly lockFile 0b439cf4-less less
8 verbose lock less /home/apprenant/.npm/0b439cf4-less.lock
9 silly lockFile 0b439cf4-less less
10 silly lockFile 0b439cf4-less less
11 verbose addNamed [ 'less', '' ]
12 verbose addNamed [ null, '*' ]
13 silly lockFile e13833ab-less less@
14 verbose lock less@ /home/apprenant/.npm/e13833ab-less.lock
15 silly addNameRange { name: 'less', range: '*', hasData: false }
16 verbose request where is /less
17 verbose request registry https://registry.npmjs.org/
18 verbose request id 9eb34c4a861c82b6
19 verbose url raw /less
20 verbose url resolving [ 'https://registry.npmjs.org/', './less' ]
21 verbose url resolved https://registry.npmjs.org/less
22 verbose request where is https://registry.npmjs.org/less
23 info trying registry request attempt 1 at 11:13:15
24 http GET https://registry.npmjs.org/less
25 http 200 https://registry.npmjs.org/less
26 silly registry.get cb [ 200,
26 silly registry.get   { server: 'nginx/1.10.1',
26 silly registry.get     'content-type': 'application/json',
26 silly registry.get     'last-modified': 'Sun, 13 Nov 2016 23:04:56 GMT',
26 silly registry.get     etag: 'W/"5828f198-1da23"',
26 silly registry.get     'content-encoding': 'gzip',
26 silly registry.get     'cache-control': 'max-age=300',
26 silly registry.get     'content-length': '11144',
26 silly registry.get     'accept-ranges': 'bytes',
26 silly registry.get     date: 'Tue, 15 Nov 2016 10:13:15 GMT',
26 silly registry.get     via: '1.1 varnish',
26 silly registry.get     age: '75',
26 silly registry.get     connection: 'keep-alive',
26 silly registry.get     'x-served-by': 'cache-lhr6330-LHR',
26 silly registry.get     'x-cache': 'HIT',
26 silly registry.get     'x-cache-hits': '2',
26 silly registry.get     'x-timer': 'S1479204795.604560,VS0,VE0',
26 silly registry.get     vary: 'Accept-Encoding' } ]
27 silly addNameRange number 2 { name: 'less', range: '*', hasData: true }
28 silly addNameRange versions [ 'less',
28 silly addNameRange   [ '1.0.10',
28 silly addNameRange     '1.0.11',
28 silly addNameRange     '1.0.14',
28 silly addNameRange     '1.0.18',
28 silly addNameRange     '1.0.19',
28 silly addNameRange     '1.0.21',
28 silly addNameRange     '1.0.32',
28 silly addNameRange     '1.0.36',
28 silly addNameRange     '1.0.5',
28 silly addNameRange     '1.0.40',
28 silly addNameRange     '1.0.41',
28 silly addNameRange     '1.0.44',
28 silly addNameRange     '1.1.0',
28 silly addNameRange     '1.1.1',
28 silly addNameRange     '1.1.2',
28 silly addNameRange     '1.1.4',
28 silly addNameRange     '1.1.5',
28 silly addNameRange     '1.1.6',
28 silly addNameRange     '1.2.0',
28 silly addNameRange     '1.2.1',
28 silly addNameRange     '1.2.2',
28 silly addNameRange     '1.3.0',
28 silly addNameRange     '1.3.1',
28 silly addNameRange     '1.3.2',
28 silly addNameRange     '1.3.3',
28 silly addNameRange     '1.4.0-b1',
28 silly addNameRange     '1.4.0-b2',
28 silly addNameRange     '1.4.0-b3',
28 silly addNameRange     '1.4.0-b4',
28 silly addNameRange     '1.4.0',
28 silly addNameRange     '1.4.1',
28 silly addNameRange     '1.4.2',
28 silly addNameRange     '1.5.0-b1',
28 silly addNameRange     '1.5.0-b2',
28 silly addNameRange     '1.5.0-b3',
28 silly addNameRange     '1.5.0-b4',
28 silly addNameRange     '1.5.0',
28 silly addNameRange     '1.5.1',
28 silly addNameRange     '1.6.0',
28 silly addNameRange     '1.6.1',
28 silly addNameRange     '1.6.2',
28 silly addNameRange     '1.6.3',
28 silly addNameRange     '1.7.0',
28 silly addNameRange     '1.7.1',
28 silly addNameRange     '1.7.3',
28 silly addNameRange     '1.7.4',
28 silly addNameRange     '1.7.5',
28 silly addNameRange     '2.0.0-b1',
28 silly addNameRange     '2.0.0-b2',
28 silly addNameRange     '2.0.0-b3',
28 silly addNameRange     '2.0.0',
28 silly addNameRange     '2.1.0',
28 silly addNameRange     '2.1.1',
28 silly addNameRange     '2.1.2',
28 silly addNameRange     '2.2.0',
28 silly addNameRange     '2.3.0',
28 silly addNameRange     '2.3.1',
28 silly addNameRange     '2.4.0',
28 silly addNameRange     '2.5.0',
28 silly addNameRange     '2.5.1',
28 silly addNameRange     '2.5.2',
28 silly addNameRange     '2.5.3',
28 silly addNameRange     '2.6.0',
28 silly addNameRange     '2.6.1',
28 silly addNameRange     '2.7.0',
28 silly addNameRange     '2.7.1',
28 silly addNameRange     '3.0.0-pre.1',
28 silly addNameRange     '3.0.0-pre.2',
28 silly addNameRange     '3.0.0-pre.3',
28 silly addNameRange     '3.0.0-pre.4' ] ]
29 verbose addNamed [ 'less', '2.7.1' ]
30 verbose addNamed [ '2.7.1', '2.7.1' ]
31 silly lockFile 73554f21-less-2-7-1 less@2.7.1
32 verbose lock less@2.7.1 /home/apprenant/.npm/73554f21-less-2-7-1.lock
33 silly lockFile e5a7dd79-ry-npmjs-org-less-less-2-7-1-tgz https://registry.npmjs.org/less/-/less-2.7.1.tgz
34 verbose lock https://registry.npmjs.org/less/-/less-2.7.1.tgz /home/apprenant/.npm/e5a7dd79-ry-npmjs-org-less-less-2-7-1-tgz.lock
35 verbose addRemoteTarball [ 'https://registry.npmjs.org/less/-/less-2.7.1.tgz',
35 verbose addRemoteTarball   '6cbfea22b3b830304e9a5fb371d54fa480c9d7cf' ]
36 info retry fetch attempt 1 at 11:13:15
37 verbose fetch to= /tmp/npm-9130-dq05LS9N/registry.npmjs.org/less/-/less-2.7.1.tgz
38 http GET https://registry.npmjs.org/less/-/less-2.7.1.tgz
39 http 200 https://registry.npmjs.org/less/-/less-2.7.1.tgz
40 silly lockFile e5a7dd79-ry-npmjs-org-less-less-2-7-1-tgz https://registry.npmjs.org/less/-/less-2.7.1.tgz
41 silly lockFile e5a7dd79-ry-npmjs-org-less-less-2-7-1-tgz https://registry.npmjs.org/less/-/less-2.7.1.tgz
42 silly lockFile 73554f21-less-2-7-1 less@2.7.1
43 silly lockFile 73554f21-less-2-7-1 less@2.7.1
44 silly lockFile e13833ab-less less@
45 silly lockFile e13833ab-less less@
46 silly resolved [ { name: 'less',
46 silly resolved     version: '2.7.1',
46 silly resolved     description: 'Leaner CSS',
46 silly resolved     homepage: 'http://lesscss.org',
46 silly resolved     author: { name: 'Alexis Sellier', email: 'self@cloudhead.net' },
46 silly resolved     contributors: [ [Object] ],
46 silly resolved     bugs: { url: 'https://github.com/less/less.js/issues' },
46 silly resolved     repository: { type: 'git', url: 'git+https://github.com/less/less.js.git' },
46 silly resolved     master:
46 silly resolved      { url: 'https://github.com/less/less.js/blob/master/',
46 silly resolved        raw: 'https://raw.githubusercontent.com/less/less.js/master/' },
46 silly resolved     license: 'Apache-2.0',
46 silly resolved     bin: { lessc: './bin/lessc' },
46 silly resolved     main: 'index',
46 silly resolved     directories: { test: './test' },
46 silly resolved     jam: { main: './dist/less.js' },
46 silly resolved     browser: './dist/less.js',
46 silly resolved     engines: { node: '>=0.12' },
46 silly resolved     scripts: { test: 'grunt test' },
46 silly resolved     optionalDependencies:
46 silly resolved      { errno: '^0.1.1',
46 silly resolved        'graceful-fs': '^4.1.2',
46 silly resolved        'image-size': '~0.5.0',
46 silly resolved        mime: '^1.2.11',
46 silly resolved        mkdirp: '^0.5.0',
46 silly resolved        promise: '^7.1.1',
46 silly resolved        'source-map': '^0.5.3' },
46 silly resolved     devDependencies:
46 silly resolved      { diff: '^2.2.2',
46 silly resolved        grunt: '^1.0.1',
46 silly resolved        'grunt-browserify': '^5.0.0',
46 silly resolved        'grunt-contrib-clean': '^1.0.0',
46 silly resolved        'grunt-contrib-concat': '^1.0.1',
46 silly resolved        'grunt-contrib-connect': '^1.0.2',
46 silly resolved        'grunt-contrib-jasmine': '^1.0.3',
46 silly resolved        'grunt-contrib-jshint': '^1.0.0',
46 silly resolved        'grunt-contrib-uglify': '^1.0.1',
46 silly resolved        'grunt-jscs': '^2.8.0',
46 silly resolved        'grunt-saucelabs': '^8.6.2',
46 silly resolved        'grunt-shell': '^1.3.0',
46 silly resolved        'jit-grunt': '^0.10.0',
46 silly resolved        'time-grunt': '^1.3.0' },
46 silly resolved     keywords:
46 silly resolved      [ 'compile less',
46 silly resolved        'css nesting',
46 silly resolved        'css variable',
46 silly resolved        'css',
46 silly resolved        'gradients css',
46 silly resolved        'gradients css3',
46 silly resolved        'less compiler',
46 silly resolved        'less css',
46 silly resolved        'less mixins',
46 silly resolved        'less',
46 silly resolved        'less.js',
46 silly resolved        'lesscss',
46 silly resolved        'mixins',
46 silly resolved        'nested css',
46 silly resolved        'parser',
46 silly resolved        'preprocessor',
46 silly resolved        'bootstrap css',
46 silly resolved        'bootstrap less',
46 silly resolved        'style',
46 silly resolved        'styles',
46 silly resolved        'stylesheet',
46 silly resolved        'variables in css',
46 silly resolved        'css less' ],
46 silly resolved     rawcurrent: 'https://raw.github.com/less/less.js/v',
46 silly resolved     sourcearchive: 'https://github.com/less/less.js/archive/v',
46 silly resolved     gitHead: 'd3e1531370a36dd6e213c8b4da955d0a0e1d6eb7',
46 silly resolved     dependencies:
46 silly resolved      { errno: '^0.1.1',
46 silly resolved        'graceful-fs': '^4.1.2',
46 silly resolved        'image-size': '~0.5.0',
46 silly resolved        mime: '^1.2.11',
46 silly resolved        mkdirp: '^0.5.0',
46 silly resolved        promise: '^7.1.1',
46 silly resolved        'source-map': '^0.5.3' },
46 silly resolved     _id: 'less@2.7.1',
46 silly resolved     _shasum: '6cbfea22b3b830304e9a5fb371d54fa480c9d7cf',
46 silly resolved     _from: 'less@',
46 silly resolved     _npmVersion: '3.8.6',
46 silly resolved     _nodeVersion: '6.1.0',
46 silly resolved     _npmUser: { name: 'matthew-dean', email: 'matthewdean.me@gmail.com' },
46 silly resolved     dist:
46 silly resolved      { shasum: '6cbfea22b3b830304e9a5fb371d54fa480c9d7cf',
46 silly resolved        tarball: 'https://registry.npmjs.org/less/-/less-2.7.1.tgz' },
46 silly resolved     maintainers: [ [Object], [Object], [Object], [Object], [Object] ],
46 silly resolved     _npmOperationalInternal:
46 silly resolved      { host: 'packages-12-west.internal.npmjs.com',
46 silly resolved        tmp: 'tmp/less-2.7.1.tgz_1462826329455_0.6074283130001277' },
46 silly resolved     _resolved: 'https://registry.npmjs.org/less/-/less-2.7.1.tgz' } ]
47 info install less@2.7.1 into /usr/local/lib
48 info installOne less@2.7.1
49 warn engine less@2.7.1: wanted: {"node":">=0.12"} (current: {"node":"0.10.29","npm":"1.4.21"})
50 verbose lib/node_modules/less unbuild
51 verbose tar unpack /home/apprenant/.npm/less/2.7.1/package.tgz
52 silly lockFile 7a611c47--usr-local-lib-node-modules-less tar:///usr/local/lib/node_modules/less
53 verbose lock tar:///usr/local/lib/node_modules/less /home/apprenant/.npm/7a611c47--usr-local-lib-node-modules-less.lock
54 silly lockFile 13d7150b-enant-npm-less-2-7-1-package-tgz tar:///home/apprenant/.npm/less/2.7.1/package.tgz
55 verbose lock tar:///home/apprenant/.npm/less/2.7.1/package.tgz /home/apprenant/.npm/13d7150b-enant-npm-less-2-7-1-package-tgz.lock
56 silly gunzTarPerm modes [ '755', '644' ]
57 error Error: EACCES, mkdir '/usr/local/lib/node_modules'
57 error  { [Error: EACCES, mkdir '/usr/local/lib/node_modules']
57 error   errno: 3,
57 error   code: 'EACCES',
57 error   path: '/usr/local/lib/node_modules',
57 error   fstream_type: 'Directory',
57 error   fstream_path: '/usr/local/lib/node_modules/less',
57 error   fstream_class: 'DirWriter',
57 error   fstream_stack:
57 error    [ '/usr/lib/nodejs/fstream/lib/writer.js:171:23',
57 error      '/usr/lib/nodejs/mkdirp/index.js:46:53',
57 error      'Object.oncomplete (fs.js:107:15)' ] }
58 error Please try running this command again as root/Administrator.
59 error System Linux 3.16.0-4-amd64
60 error command "/usr/bin/nodejs" "/usr/bin/npm" "install" "-g" "less"
61 error cwd /home/apprenant/Documents/YoutubeProject
62 error node -v v0.10.29
63 error npm -v 1.4.21
64 error path /usr/local/lib/node_modules
65 error fstream_path /usr/local/lib/node_modules/less
66 error fstream_type Directory
67 error fstream_class DirWriter
68 error code EACCES
69 error errno 3
70 error stack Error: EACCES, mkdir '/usr/local/lib/node_modules'
71 error fstream_stack /usr/lib/nodejs/fstream/lib/writer.js:171:23
71 error fstream_stack /usr/lib/nodejs/mkdirp/index.js:46:53
71 error fstream_stack Object.oncomplete (fs.js:107:15)
72 verbose exit [ 3, true ]
